<?xml version="1.0" encoding="UTF-8"?>
<!-- Generated by org.testng.reporters.JUnitXMLReporter -->
<testsuite hostname="GK-PC" name="Driver Script Suite 1" tests="1" failures="0" timestamp="1 Feb 2020 08:39:24 GMT" time="0.047" errors="0">
  <testcase name="@BeforeSuite startTesting" time="0.0" classname="testApps.DriverApp">
    <failure type="java.lang.IllegalStateException" message="The path to the driver executable must be set by the webdriver.chrome.driver system property; for more information, see http://code.google.com/p/selenium/wiki/ChromeDriver. The latest version can be downloaded from http://chromedriver.storage.googleapis.com/index.html">
      <![CDATA[java.lang.IllegalStateException: The path to the driver executable must be set by the webdriver.chrome.driver system property; for more information, see http://code.google.com/p/selenium/wiki/ChromeDriver. The latest version can be downloaded from http://chromedriver.storage.googleapis.com/index.html
	at com.google.common.base.Preconditions.checkState(Preconditions.java:177)
	at org.openqa.selenium.remote.service.DriverService.findExecutable(DriverService.java:105)
	at org.openqa.selenium.chrome.ChromeDriverService.createDefaultService(ChromeDriverService.java:82)
	at org.openqa.selenium.chrome.ChromeDriver.<init>(ChromeDriver.java:106)
	at testApps.DriverApp.startTesting(DriverApp.java:127)
... Removed 19 stack frames]]>
    </failure>
  </testcase> <!-- @BeforeSuite startTesting -->
  <testcase name="testApp" time="0.0" classname="testApps.DriverApp">
    <skipped/>
  </testcase> <!-- testApp -->
</testsuite> <!-- Driver Script Suite 1 -->
